  [1m[36m (94.0ms)[0m  [1mCREATE TABLE "schema_migrations" ("version" character varying(255) NOT NULL) [0m
  [1m[35m (19.8ms)[0m  CREATE UNIQUE INDEX  "unique_schema_migrations" ON "schema_migrations"  ("version")
  [1m[36mActiveRecord::SchemaMigration Load (0.4ms)[0m  [1mSELECT "schema_migrations".* FROM "schema_migrations"[0m
Migrating to CreateGames (20140925041207)
  [1m[35m (0.1ms)[0m  BEGIN
  [1m[36m (89.0ms)[0m  [1mCREATE TABLE "games" ("id" serial primary key, "centre_lat" integer, "centre_long" integer, "num_players" integer, "active" boolean, "created_at" timestamp, "updated_at" timestamp) [0m
  [1m[35mSQL (0.3ms)[0m  INSERT INTO "schema_migrations" ("version") VALUES ($1)  [["version", "20140925041207"]]
  [1m[36m (2.0ms)[0m  [1mCOMMIT[0m
Migrating to CreatePlayers (20140925041418)
  [1m[35m (0.1ms)[0m  BEGIN
  [1m[36m (5.7ms)[0m  [1mCREATE TABLE "players" ("id" serial primary key, "kind" character varying(255), "lat" integer, "lng" integer, "created_at" timestamp, "updated_at" timestamp) [0m
  [1m[35mSQL (0.2ms)[0m  INSERT INTO "schema_migrations" ("version") VALUES ($1)  [["version", "20140925041418"]]
  [1m[36m (1.7ms)[0m  [1mCOMMIT[0m
  [1m[35mActiveRecord::SchemaMigration Load (2.7ms)[0m  SELECT "schema_migrations".* FROM "schema_migrations"
  [1m[36mActiveRecord::SchemaMigration Load (0.3ms)[0m  [1mSELECT "schema_migrations".* FROM "schema_migrations"[0m
Migrating to ChangingCentreLongColumnOnGames (20140925054438)
  [1m[35m (0.1ms)[0m  BEGIN
  [1m[36m (0.3ms)[0m  [1mALTER TABLE "game" RENAME COLUMN "centre_long" TO "centre_lng"[0m
PG::UndefinedTable: ERROR:  relation "game" does not exist
: ALTER TABLE "game" RENAME COLUMN "centre_long" TO "centre_lng"
  [1m[35m (0.1ms)[0m  ROLLBACK
  [1m[36mActiveRecord::SchemaMigration Load (0.2ms)[0m  [1mSELECT "schema_migrations".* FROM "schema_migrations"[0m
Migrating to ChangingCentreLongColumnOnGames (20140925054438)
  [1m[35m (0.1ms)[0m  BEGIN
  [1m[36m (0.3ms)[0m  [1mALTER TABLE "games" RENAME COLUMN "centre_long" TO "centre_lng"[0m
  [1m[35mSQL (0.2ms)[0m  INSERT INTO "schema_migrations" ("version") VALUES ($1)  [["version", "20140925054438"]]
  [1m[36m (1.9ms)[0m  [1mCOMMIT[0m
  [1m[35mActiveRecord::SchemaMigration Load (0.1ms)[0m  SELECT "schema_migrations".* FROM "schema_migrations"
  [1m[36mActiveRecord::SchemaMigration Load (0.3ms)[0m  [1mSELECT "schema_migrations".* FROM "schema_migrations"[0m
Migrating to AddGameRefToPlayers (20140925060831)
  [1m[35m (0.1ms)[0m  BEGIN
  [1m[36m (39.6ms)[0m  [1mALTER TABLE "players" ADD COLUMN "game_id" integer[0m
  [1m[35m (5.3ms)[0m  CREATE  INDEX  "index_players_on_game_id" ON "players"  ("game_id")
  [1m[36mSQL (0.3ms)[0m  [1mINSERT INTO "schema_migrations" ("version") VALUES ($1)[0m  [["version", "20140925060831"]]
  [1m[35m (2.6ms)[0m  COMMIT
  [1m[36mActiveRecord::SchemaMigration Load (0.7ms)[0m  [1mSELECT "schema_migrations".* FROM "schema_migrations"[0m
  [1m[36mActiveRecord::SchemaMigration Load (0.3ms)[0m  [1mSELECT "schema_migrations".* FROM "schema_migrations"[0m
  [1m[36mActiveRecord::SchemaMigration Load (0.4ms)[0m  [1mSELECT "schema_migrations".* FROM "schema_migrations"[0m
  [1m[35m (0.2ms)[0m  BEGIN
  [1m[36mSQL (0.7ms)[0m  [1mINSERT INTO "games" ("centre_lat", "centre_lng", "created_at", "num_players", "updated_at") VALUES ($1, $2, $3, $4, $5) RETURNING "id"[0m  [["centre_lat", -41], ["centre_lng", 174], ["created_at", "2014-09-25 06:13:18.210691"], ["num_players", 2], ["updated_at", "2014-09-25 06:13:18.210691"]]
  [1m[35m (36.3ms)[0m  COMMIT
  [1m[36m (0.1ms)[0m  [1mBEGIN[0m
  [1m[35mSQL (0.6ms)[0m  INSERT INTO "players" ("created_at", "game_id", "kind", "lat", "lng", "updated_at") VALUES ($1, $2, $3, $4, $5, $6) RETURNING "id"  [["created_at", "2014-09-25 06:13:18.320509"], ["game_id", 1], ["kind", "rabbit"], ["lat", -41], ["lng", 174], ["updated_at", "2014-09-25 06:13:18.320509"]]
  [1m[36m (1.7ms)[0m  [1mCOMMIT[0m
  [1m[35m (0.1ms)[0m  BEGIN
  [1m[36mSQL (0.2ms)[0m  [1mINSERT INTO "players" ("created_at", "game_id", "kind", "lat", "lng", "updated_at") VALUES ($1, $2, $3, $4, $5, $6) RETURNING "id"[0m  [["created_at", "2014-09-25 06:13:18.324741"], ["game_id", 1], ["kind", "hunter"], ["lat", -41], ["lng", 174], ["updated_at", "2014-09-25 06:13:18.324741"]]
  [1m[35m (1.8ms)[0m  COMMIT
  [1m[36mGame Load (51.2ms)[0m  [1mSELECT  "games".* FROM "games"   ORDER BY "games"."id" ASC LIMIT 1[0m
  [1m[35mPlayer Load (37.8ms)[0m  SELECT "players".* FROM "players"  WHERE "players"."game_id" = $1  [["game_id", 1]]
